<?xml version="1.0" encoding="UTF-8"?>
<!-- Generated by org.testng.reporters.JUnitReportReporter -->
<testsuite hostname="DESKTOP-FAU8SHO" failures="0" tests="1" name="com.crm.qa.testcases.DealsPageTest" time="11.013" errors="0" timestamp="2022-03-20T15:05:22 EDT" skipped="0">
  <testcase classname="com.crm.qa.testcases.DealsPageTest" name="createDealsPageTest" time="11.013"/>
  <system-out/>
</testsuite> <!-- com.crm.qa.testcases.DealsPageTest -->
