<?xml version="1.0" encoding="UTF-8"?>
<!-- Generated by org.testng.reporters.JUnitReportReporter -->
<testsuite hostname="DESKTOP-FAU8SHO" failures="0" tests="4" name="com.crm.qa.testcases.HomePageTest" time="69.954" errors="0" timestamp="2022-04-13T14:56:49 EDT" skipped="0">
  <testcase classname="com.crm.qa.testcases.HomePageTest" name="verifyeDealsLinkTest" time="10.474"/>
  <system-out/>
  <testcase classname="com.crm.qa.testcases.HomePageTest" name="verifyHomePageTest" time="10.715"/>
  <system-out/>
  <testcase classname="com.crm.qa.testcases.HomePageTest" name="verifyUserNameTest" time="38.922"/>
  <system-out/>
  <testcase classname="com.crm.qa.testcases.HomePageTest" name="verifyContactslinkTest" time="9.843"/>
  <system-out/>
</testsuite> <!-- com.crm.qa.testcases.HomePageTest -->
