<?xml version="1.0" encoding="UTF-8"?>
<!-- Generated by org.testng.reporters.JUnitReportReporter -->
<testsuite hostname="DESKTOP-FAU8SHO" failures="0" tests="2" name="com.crm.qa.testcases.CreateNewContactsPageTest" time="21.545" errors="0" timestamp="2022-04-13T14:56:49 EDT" skipped="0">
  <testcase classname="com.crm.qa.testcases.CreateNewContactsPageTest" name="verifyCreateNewContactsLabelTest" time="10.437"/>
  <system-out/>
  <testcase classname="com.crm.qa.testcases.CreateNewContactsPageTest" name="createContactsTest" time="11.108"/>
  <system-out/>
</testsuite> <!-- com.crm.qa.testcases.CreateNewContactsPageTest -->
