<?xml version="1.0" encoding="UTF-8"?>
<!-- Generated by org.testng.reporters.JUnitReportReporter -->
<testsuite hostname="DESKTOP-FAU8SHO" failures="0" tests="4" name="com.crm.qa.testcases.HomePageTest" time="44.045" errors="0" timestamp="2023-05-04T17:54:12 EDT" skipped="0">
  <testcase classname="com.crm.qa.testcases.HomePageTest" name="verifyeDealsLinkTest" time="11.210"/>
  <system-out/>
  <testcase classname="com.crm.qa.testcases.HomePageTest" name="verifyHomePageTest" time="10.528"/>
  <system-out/>
  <testcase classname="com.crm.qa.testcases.HomePageTest" name="verifyUserNameTest" time="10.780"/>
  <system-out/>
  <testcase classname="com.crm.qa.testcases.HomePageTest" name="verifyContactslinkTest" time="11.527"/>
  <system-out/>
</testsuite> <!-- com.crm.qa.testcases.HomePageTest -->
