<?xml version="1.0" encoding="UTF-8"?>
<!-- Generated by org.testng.reporters.JUnitReportReporter -->
<testsuite hostname="DESKTOP-FAU8SHO" failures="0" tests="1" name="com.crm.qa.testcases.ContactsPageTest" time="14.174" errors="0" timestamp="2023-05-04T17:54:12 EDT" skipped="0">
  <testcase classname="com.crm.qa.testcases.ContactsPageTest" name="verifyCreateNewContactsPageTest" time="14.174"/>
  <system-out/>
</testsuite> <!-- com.crm.qa.testcases.ContactsPageTest -->
