<?xml version="1.0" encoding="UTF-8"?>
<!-- Generated by org.testng.reporters.JUnitReportReporter -->
<testsuite hostname="DESKTOP-FAU8SHO" failures="0" tests="2" name="com.crm.qa.testcases.CreateNewContactsPageTest" time="27.851" errors="0" timestamp="2023-05-04T17:54:12 EDT" skipped="0">
  <testcase classname="com.crm.qa.testcases.CreateNewContactsPageTest" name="verifyCreateNewContactsLabelTest" time="12.078"/>
  <system-out/>
  <testcase classname="com.crm.qa.testcases.CreateNewContactsPageTest" name="createContactsTest" time="15.773"/>
  <system-out/>
</testsuite> <!-- com.crm.qa.testcases.CreateNewContactsPageTest -->
